11:38:35 INFO  : Launching XSCT server: xsct.bat -n  -interactive D:\dario\fulgor\trabajo_final\workspace_ethernet\workspace_eth_GMII\temp_xsdb_launch_script.tcl
11:38:47 INFO  : XSCT server has started successfully.
11:38:51 INFO  : plnx-install-location is set to ''
11:38:51 INFO  : Successfully done setting XSCT server connection channel  
11:38:51 INFO  : Successfully done query RDI_DATADIR 
11:38:51 INFO  : Successfully done setting workspace for the tool. 
11:38:53 INFO  : Registering command handlers for Vitis TCF services
11:42:48 INFO  : Checking for BSP changes to sync application flags for project 'eth'...
11:45:46 INFO  : Connected to target on host '172.16.0.163' and port '3122'.
11:47:12 INFO  : Bit file 'D:/dario/fulgor/trabajo_final/workspace_ethernet/workspace_eth_GMII/eth/_ide/bitstream/download.bit' is generated.
13:25:52 INFO  : Hardware specification for platform project 'eth1_wrapper' is updated.
13:30:25 INFO  : Connected to target on host '172.16.0.163' and port '3122'.
13:31:19 INFO  : Bit file 'D:/dario/fulgor/trabajo_final/workspace_ethernet/workspace_eth_GMII/eth/_ide/bitstream/download.bit' is generated.
13:32:21 INFO  : Bit file 'D:/dario/fulgor/trabajo_final/workspace_ethernet/workspace_eth_GMII/eth/_ide/bitstream/download.bit' is generated.
13:32:21 INFO  : Connected to target on host '172.16.0.163' and port '3122'.
13:32:21 INFO  : 'targets -set -filter {jtag_cable_name =~ "Digilent JTAG-SMT1 210203367268A" && level==0} -index 0' command is executed.
13:32:48 INFO  : FPGA configured successfully with bitstream "D:/dario/fulgor/trabajo_final/workspace_ethernet/workspace_eth_GMII/eth/_ide/bitstream/download.bit"
13:33:32 INFO  : Connected to target on host '127.0.0.1' and port '3121'.
13:33:42 INFO  : Connected to target on host '127.0.0.1' and port '3121'.
13:33:54 INFO  : ----------------XSDB Script----------------
connect -url tcp:127.0.0.1:3121
----------------End of Script----------------

13:33:54 ERROR : Could not find FPGA device on the board for connection 'Local'.


Troubleshooting hints:
1. Check whether board is connected to system properly.
2. In case of zynq board, check whether Digilent/Xilinx cable switch settings are correct.
3. If you are using Xilinx Platform Cable USB, ensure that status LED is green.
13:34:03 INFO  : ----------------XSDB Script----------------
connect -url tcp:127.0.0.1:3121
----------------End of Script----------------

13:34:03 ERROR : Could not find FPGA device on the board for connection 'Local'.


Troubleshooting hints:
1. Check whether board is connected to system properly.
2. In case of zynq board, check whether Digilent/Xilinx cable switch settings are correct.
3. If you are using Xilinx Platform Cable USB, ensure that status LED is green.
13:34:36 INFO  : Connected to target on host '127.0.0.1' and port '3121'.
13:36:17 INFO  : Connected through redirection to target on host '172.16.0.163' and port '3122'.
13:36:18 INFO  : Jtag cable 'Digilent JTAG-SMT1 210203367268A' is selected.
13:36:18 INFO  : 'jtag frequency' command is executed.
13:36:18 INFO  : 'targets -set -filter {jtag_cable_name =~ "Digilent JTAG-SMT1 210203367268A" && level==0} -index 0' command is executed.
13:36:45 INFO  : FPGA configured successfully with bitstream "D:/dario/fulgor/trabajo_final/workspace_ethernet/workspace_eth_GMII/eth/_ide/bitstream/download.bit"
13:36:45 INFO  : 'configparams mdm-detect-bscan-mask 2' command is executed.
13:36:45 INFO  : Context for processor 'microblaze_0' is selected.
13:36:45 INFO  : System reset is completed.
13:36:48 INFO  : 'after 3000' command is executed.
13:36:48 INFO  : Context for processor 'microblaze_0' is selected.
13:36:50 INFO  : The application 'D:/dario/fulgor/trabajo_final/workspace_ethernet/workspace_eth_GMII/eth/Debug/eth.elf' is downloaded to processor 'microblaze_0'.
13:36:50 INFO  : ----------------XSDB Script----------------
connect -path [list tcp::1534 tcp:172.16.0.163:3122]
targets -set -filter {jtag_cable_name =~ "Digilent JTAG-SMT1 210203367268A" && level==0} -index 0
fpga -file D:/dario/fulgor/trabajo_final/workspace_ethernet/workspace_eth_GMII/eth/_ide/bitstream/download.bit
configparams mdm-detect-bscan-mask 2
targets -set -nocase -filter {name =~ "*microblaze*#0" && bscan=="USER2" }
rst -system
after 3000
targets -set -nocase -filter {name =~ "*microblaze*#0" && bscan=="USER2" }
dow D:/dario/fulgor/trabajo_final/workspace_ethernet/workspace_eth_GMII/eth/Debug/eth.elf
----------------End of Script----------------

13:36:51 INFO  : Memory regions updated for context PA
13:36:51 INFO  : Memory regions updated for context PA
13:36:51 INFO  : Context for processor 'microblaze_0' is selected.
13:36:51 INFO  : 'con' command is executed.
13:36:51 INFO  : ----------------XSDB Script (After Launch)----------------
targets -set -nocase -filter {name =~ "*microblaze*#0" && bscan=="USER2" }
con
----------------End of Script----------------

13:36:51 INFO  : Launch script is exported to file 'D:\dario\fulgor\trabajo_final\workspace_ethernet\workspace_eth_GMII\.sdk\launch_scripts\single_application_debug\systemdebugger_eth_system_standalone.tcl'
13:52:39 INFO  : Disconnected from the channel tcfchan#5.
13:52:50 INFO  : Connected through redirection to target on host '172.16.0.163' and port '3122'.
13:52:51 INFO  : Jtag cable 'Digilent JTAG-SMT1 210203367268A' is selected.
13:52:51 INFO  : 'jtag frequency' command is executed.
13:52:51 INFO  : 'targets -set -filter {jtag_cable_name =~ "Digilent JTAG-SMT1 210203367268A" && level==0} -index 0' command is executed.
13:53:19 INFO  : FPGA configured successfully with bitstream "D:/dario/fulgor/trabajo_final/workspace_ethernet/workspace_eth_GMII/eth/_ide/bitstream/download.bit"
13:53:20 INFO  : 'configparams mdm-detect-bscan-mask 2' command is executed.
13:53:20 INFO  : Context for processor 'microblaze_0' is selected.
13:53:20 INFO  : System reset is completed.
13:53:23 INFO  : 'after 3000' command is executed.
13:53:23 INFO  : Context for processor 'microblaze_0' is selected.
13:53:24 INFO  : The application 'D:/dario/fulgor/trabajo_final/workspace_ethernet/workspace_eth_GMII/eth/Debug/eth.elf' is downloaded to processor 'microblaze_0'.
13:53:24 INFO  : ----------------XSDB Script----------------
connect -path [list tcp::1534 tcp:172.16.0.163:3122]
targets -set -filter {jtag_cable_name =~ "Digilent JTAG-SMT1 210203367268A" && level==0} -index 0
fpga -file D:/dario/fulgor/trabajo_final/workspace_ethernet/workspace_eth_GMII/eth/_ide/bitstream/download.bit
configparams mdm-detect-bscan-mask 2
targets -set -nocase -filter {name =~ "*microblaze*#0" && bscan=="USER2" }
rst -system
after 3000
targets -set -nocase -filter {name =~ "*microblaze*#0" && bscan=="USER2" }
dow D:/dario/fulgor/trabajo_final/workspace_ethernet/workspace_eth_GMII/eth/Debug/eth.elf
----------------End of Script----------------

13:53:25 INFO  : Memory regions updated for context PA
13:53:25 INFO  : Memory regions updated for context PA
13:53:25 INFO  : Context for processor 'microblaze_0' is selected.
13:53:26 INFO  : 'con' command is executed.
13:53:26 INFO  : ----------------XSDB Script (After Launch)----------------
targets -set -nocase -filter {name =~ "*microblaze*#0" && bscan=="USER2" }
con
----------------End of Script----------------

13:53:26 INFO  : Launch script is exported to file 'D:\dario\fulgor\trabajo_final\workspace_ethernet\workspace_eth_GMII\.sdk\launch_scripts\single_application_debug\systemdebugger_eth_system_standalone.tcl'
13:53:51 INFO  : Successfully done sdx_reload_mss "D:/dario/fulgor/trabajo_final/workspace_ethernet/workspace_eth_GMII/eth1_wrapper/microblaze_0/standalone_domain/bsp/system.mss"
13:54:41 INFO  : Successfully done sdx_reload_mss "D:/dario/fulgor/trabajo_final/workspace_ethernet/workspace_eth_GMII/eth1_wrapper/microblaze_0/standalone_domain/bsp/system.mss"
13:55:36 INFO  : Successfully done sdx_reload_mss "D:/dario/fulgor/trabajo_final/workspace_ethernet/workspace_eth_GMII/eth1_wrapper/microblaze_0/standalone_domain/bsp/system.mss"
13:55:57 INFO  : (SwPlaform) Successfully done setParamInSpec 
13:56:04 INFO  : (SwPlaform) Successfully done setParamInSpec 
13:56:17 INFO  : Successfully done sdx_reload_mss "D:/dario/fulgor/trabajo_final/workspace_ethernet/workspace_eth_GMII/eth1_wrapper/microblaze_0/standalone_domain/bsp/system.mss"
13:56:17 INFO  : No changes in MSS file content so sources will not be generated.
14:02:06 INFO  : Disconnected from the channel tcfchan#6.
14:02:10 INFO  : Connected through redirection to target on host '172.16.0.163' and port '3122'.
14:02:10 INFO  : Jtag cable 'Digilent JTAG-SMT1 210203367268A' is selected.
14:02:10 INFO  : 'jtag frequency' command is executed.
14:02:11 INFO  : 'targets -set -filter {jtag_cable_name =~ "Digilent JTAG-SMT1 210203367268A" && level==0} -index 0' command is executed.
14:02:39 INFO  : FPGA configured successfully with bitstream "D:/dario/fulgor/trabajo_final/workspace_ethernet/workspace_eth_GMII/eth/_ide/bitstream/download.bit"
14:02:40 INFO  : 'configparams mdm-detect-bscan-mask 2' command is executed.
14:02:40 INFO  : Context for processor 'microblaze_0' is selected.
14:02:40 INFO  : System reset is completed.
14:02:43 INFO  : 'after 3000' command is executed.
14:02:43 INFO  : Context for processor 'microblaze_0' is selected.
14:02:44 INFO  : The application 'D:/dario/fulgor/trabajo_final/workspace_ethernet/workspace_eth_GMII/eth/Debug/eth.elf' is downloaded to processor 'microblaze_0'.
14:02:44 INFO  : ----------------XSDB Script----------------
connect -path [list tcp::1534 tcp:172.16.0.163:3122]
targets -set -filter {jtag_cable_name =~ "Digilent JTAG-SMT1 210203367268A" && level==0} -index 0
fpga -file D:/dario/fulgor/trabajo_final/workspace_ethernet/workspace_eth_GMII/eth/_ide/bitstream/download.bit
configparams mdm-detect-bscan-mask 2
targets -set -nocase -filter {name =~ "*microblaze*#0" && bscan=="USER2" }
rst -system
after 3000
targets -set -nocase -filter {name =~ "*microblaze*#0" && bscan=="USER2" }
dow D:/dario/fulgor/trabajo_final/workspace_ethernet/workspace_eth_GMII/eth/Debug/eth.elf
----------------End of Script----------------

14:02:45 INFO  : Memory regions updated for context PA
14:02:45 INFO  : Memory regions updated for context PA
14:02:45 INFO  : Context for processor 'microblaze_0' is selected.
14:02:46 INFO  : 'con' command is executed.
14:02:46 INFO  : ----------------XSDB Script (After Launch)----------------
targets -set -nocase -filter {name =~ "*microblaze*#0" && bscan=="USER2" }
con
----------------End of Script----------------

14:02:46 INFO  : Launch script is exported to file 'D:\dario\fulgor\trabajo_final\workspace_ethernet\workspace_eth_GMII\.sdk\launch_scripts\single_application_debug\systemdebugger_eth_system_standalone.tcl'
14:06:35 INFO  : Disconnected from the channel tcfchan#7.
14:06:38 INFO  : Connected through redirection to target on host '172.16.0.163' and port '3122'.
14:06:38 INFO  : Jtag cable 'Digilent JTAG-SMT1 210203367268A' is selected.
14:06:38 INFO  : 'jtag frequency' command is executed.
14:06:39 INFO  : 'targets -set -filter {jtag_cable_name =~ "Digilent JTAG-SMT1 210203367268A" && level==0} -index 0' command is executed.
14:07:06 INFO  : FPGA configured successfully with bitstream "D:/dario/fulgor/trabajo_final/workspace_ethernet/workspace_eth_GMII/eth/_ide/bitstream/download.bit"
14:07:06 INFO  : 'configparams mdm-detect-bscan-mask 2' command is executed.
14:07:07 INFO  : Context for processor 'microblaze_0' is selected.
14:07:07 INFO  : System reset is completed.
14:07:10 INFO  : 'after 3000' command is executed.
14:07:10 INFO  : Context for processor 'microblaze_0' is selected.
14:07:11 INFO  : The application 'D:/dario/fulgor/trabajo_final/workspace_ethernet/workspace_eth_GMII/eth/Debug/eth.elf' is downloaded to processor 'microblaze_0'.
14:07:11 INFO  : ----------------XSDB Script----------------
connect -path [list tcp::1534 tcp:172.16.0.163:3122]
targets -set -filter {jtag_cable_name =~ "Digilent JTAG-SMT1 210203367268A" && level==0} -index 0
fpga -file D:/dario/fulgor/trabajo_final/workspace_ethernet/workspace_eth_GMII/eth/_ide/bitstream/download.bit
configparams mdm-detect-bscan-mask 2
targets -set -nocase -filter {name =~ "*microblaze*#0" && bscan=="USER2" }
rst -system
after 3000
targets -set -nocase -filter {name =~ "*microblaze*#0" && bscan=="USER2" }
dow D:/dario/fulgor/trabajo_final/workspace_ethernet/workspace_eth_GMII/eth/Debug/eth.elf
----------------End of Script----------------

14:07:12 INFO  : Memory regions updated for context PA
14:07:12 INFO  : Memory regions updated for context PA
14:07:12 INFO  : Context for processor 'microblaze_0' is selected.
14:07:13 INFO  : 'con' command is executed.
14:07:13 INFO  : ----------------XSDB Script (After Launch)----------------
targets -set -nocase -filter {name =~ "*microblaze*#0" && bscan=="USER2" }
con
----------------End of Script----------------

14:07:13 INFO  : Launch script is exported to file 'D:\dario\fulgor\trabajo_final\workspace_ethernet\workspace_eth_GMII\.sdk\launch_scripts\single_application_debug\systemdebugger_eth_system_standalone.tcl'
14:11:04 INFO  : Disconnected from the channel tcfchan#8.
14:11:12 INFO  : Connected through redirection to target on host '172.16.0.163' and port '3122'.
14:11:12 INFO  : Jtag cable 'Digilent JTAG-SMT1 210203367268A' is selected.
14:11:12 INFO  : 'jtag frequency' command is executed.
14:11:12 INFO  : 'targets -set -filter {jtag_cable_name =~ "Digilent JTAG-SMT1 210203367268A" && level==0} -index 0' command is executed.
14:11:40 INFO  : FPGA configured successfully with bitstream "D:/dario/fulgor/trabajo_final/workspace_ethernet/workspace_eth_GMII/eth/_ide/bitstream/download.bit"
14:11:40 INFO  : 'configparams mdm-detect-bscan-mask 2' command is executed.
14:11:40 INFO  : Context for processor 'microblaze_0' is selected.
14:11:40 INFO  : System reset is completed.
14:11:43 INFO  : 'after 3000' command is executed.
14:11:44 INFO  : Context for processor 'microblaze_0' is selected.
14:11:45 INFO  : The application 'D:/dario/fulgor/trabajo_final/workspace_ethernet/workspace_eth_GMII/eth/Debug/eth.elf' is downloaded to processor 'microblaze_0'.
14:11:45 INFO  : ----------------XSDB Script----------------
connect -path [list tcp::1534 tcp:172.16.0.163:3122]
targets -set -filter {jtag_cable_name =~ "Digilent JTAG-SMT1 210203367268A" && level==0} -index 0
fpga -file D:/dario/fulgor/trabajo_final/workspace_ethernet/workspace_eth_GMII/eth/_ide/bitstream/download.bit
configparams mdm-detect-bscan-mask 2
targets -set -nocase -filter {name =~ "*microblaze*#0" && bscan=="USER2" }
rst -system
after 3000
targets -set -nocase -filter {name =~ "*microblaze*#0" && bscan=="USER2" }
dow D:/dario/fulgor/trabajo_final/workspace_ethernet/workspace_eth_GMII/eth/Debug/eth.elf
----------------End of Script----------------

14:11:46 INFO  : Memory regions updated for context PA
14:11:46 INFO  : Memory regions updated for context PA
14:11:46 INFO  : Context for processor 'microblaze_0' is selected.
14:11:46 INFO  : 'con' command is executed.
14:11:46 INFO  : ----------------XSDB Script (After Launch)----------------
targets -set -nocase -filter {name =~ "*microblaze*#0" && bscan=="USER2" }
con
----------------End of Script----------------

14:11:46 INFO  : Launch script is exported to file 'D:\dario\fulgor\trabajo_final\workspace_ethernet\workspace_eth_GMII\.sdk\launch_scripts\single_application_debug\systemdebugger_eth_system_standalone.tcl'
14:19:01 INFO  : Disconnected from the channel tcfchan#9.
14:19:43 INFO  : Successfully done sdx_reload_mss "D:/dario/fulgor/trabajo_final/workspace_ethernet/workspace_eth_GMII/eth1_wrapper/microblaze_0/standalone_domain/bsp/system.mss"
14:20:00 INFO  : (SwPlaform) Successfully done setParamInSpec 
14:20:18 INFO  : (SwPlaform) Successfully done setParamInSpec 
14:20:42 INFO  : Successfully done sdx_reload_mss "D:/dario/fulgor/trabajo_final/workspace_ethernet/workspace_eth_GMII/eth1_wrapper/microblaze_0/standalone_domain/bsp/system.mss"
14:20:42 INFO  : No changes in MSS file content so sources will not be generated.
14:22:22 INFO  : Checking for BSP changes to sync application flags for project 'eth'...
14:22:36 INFO  : The hardware specfication used by project 'eth' is out of sync with the platform. Resource files extracted from the hardware specfiication will be updated.
14:22:36 INFO  : The file 'D:\dario\fulgor\trabajo_final\workspace_ethernet\workspace_eth_GMII\eth\_ide\bitstream\download.bit' stored in project is removed.
14:22:36 INFO  : The file 'D:\dario\fulgor\trabajo_final\workspace_ethernet\workspace_eth_GMII\eth\_ide\bitstream\eth1_wrapper.bit' stored in project is removed.
14:22:36 INFO  : The file 'D:\dario\fulgor\trabajo_final\workspace_ethernet\workspace_eth_GMII\eth\_ide\bitstream\eth1_wrapper.mmi' stored in project is removed.
14:22:36 INFO  : The updated bitstream files are copied from platform to folder 'D:\dario\fulgor\trabajo_final\workspace_ethernet\workspace_eth_GMII\eth\_ide\bitstream' in project 'eth'.
14:22:40 INFO  : Connected through redirection to target on host '172.16.0.163' and port '3122'.
14:22:40 INFO  : Jtag cable 'Digilent JTAG-SMT1 210203367268A' is selected.
14:22:40 INFO  : 'jtag frequency' command is executed.
14:22:41 INFO  : 'targets -set -filter {jtag_cable_name =~ "Digilent JTAG-SMT1 210203367268A" && level==0} -index 0' command is executed.
14:22:41 ERROR : couldn't open "D:/dario/fulgor/trabajo_final/workspace_ethernet/workspace_eth_GMII/eth/_ide/bitstream/download.bit": no such file or directory
14:22:41 ERROR : Exception occured while running Program FPGA.
java.lang.RuntimeException: couldn't open "D:/dario/fulgor/trabajo_final/workspace_ethernet/workspace_eth_GMII/eth/_ide/bitstream/download.bit": no such file or directory
14:22:41 INFO  : ----------------XSDB Script----------------
connect -path [list tcp::1534 tcp:172.16.0.163:3122]
----------------End of Script----------------

14:22:41 ERROR : couldn't open "D:/dario/fulgor/trabajo_final/workspace_ethernet/workspace_eth_GMII/eth/_ide/bitstream/download.bit": no such file or directory
14:23:04 INFO  : Connected through redirection to target on host '172.16.0.163' and port '3122'.
14:23:04 INFO  : Jtag cable 'Digilent JTAG-SMT1 210203367268A' is selected.
14:23:04 INFO  : 'jtag frequency' command is executed.
14:23:04 INFO  : 'targets -set -filter {jtag_cable_name =~ "Digilent JTAG-SMT1 210203367268A" && level==0} -index 0' command is executed.
14:23:04 ERROR : couldn't open "D:/dario/fulgor/trabajo_final/workspace_ethernet/workspace_eth_GMII/eth/_ide/bitstream/download.bit": no such file or directory
14:23:04 ERROR : Exception occured while running Program FPGA.
java.lang.RuntimeException: couldn't open "D:/dario/fulgor/trabajo_final/workspace_ethernet/workspace_eth_GMII/eth/_ide/bitstream/download.bit": no such file or directory
14:23:04 INFO  : ----------------XSDB Script----------------
connect -path [list tcp::1534 tcp:172.16.0.163:3122]
----------------End of Script----------------

14:23:04 ERROR : couldn't open "D:/dario/fulgor/trabajo_final/workspace_ethernet/workspace_eth_GMII/eth/_ide/bitstream/download.bit": no such file or directory
14:24:16 INFO  : Bit file 'D:/dario/fulgor/trabajo_final/workspace_ethernet/workspace_eth_GMII/eth/_ide/bitstream/download.bit' is generated.
14:24:16 INFO  : Connected to target on host '172.16.0.163' and port '3122'.
14:24:16 INFO  : 'targets -set -filter {jtag_cable_name =~ "Digilent JTAG-SMT1 210203367268A" && level==0} -index 0' command is executed.
14:24:43 INFO  : FPGA configured successfully with bitstream "D:/dario/fulgor/trabajo_final/workspace_ethernet/workspace_eth_GMII/eth/_ide/bitstream/download.bit"
14:25:08 INFO  : Connected through redirection to target on host '172.16.0.163' and port '3122'.
14:25:08 INFO  : Jtag cable 'Digilent JTAG-SMT1 210203367268A' is selected.
14:25:08 INFO  : 'jtag frequency' command is executed.
14:25:09 INFO  : 'targets -set -filter {jtag_cable_name =~ "Digilent JTAG-SMT1 210203367268A" && level==0} -index 0' command is executed.
14:25:38 INFO  : FPGA configured successfully with bitstream "D:/dario/fulgor/trabajo_final/workspace_ethernet/workspace_eth_GMII/eth/_ide/bitstream/download.bit"
14:25:38 INFO  : 'configparams mdm-detect-bscan-mask 2' command is executed.
14:25:38 INFO  : Context for processor 'microblaze_0' is selected.
14:25:38 INFO  : System reset is completed.
14:25:41 INFO  : 'after 3000' command is executed.
14:25:41 INFO  : Context for processor 'microblaze_0' is selected.
14:25:42 INFO  : The application 'D:/dario/fulgor/trabajo_final/workspace_ethernet/workspace_eth_GMII/eth/Debug/eth.elf' is downloaded to processor 'microblaze_0'.
14:25:42 INFO  : ----------------XSDB Script----------------
connect -path [list tcp::1534 tcp:172.16.0.163:3122]
targets -set -filter {jtag_cable_name =~ "Digilent JTAG-SMT1 210203367268A" && level==0} -index 0
fpga -file D:/dario/fulgor/trabajo_final/workspace_ethernet/workspace_eth_GMII/eth/_ide/bitstream/download.bit
configparams mdm-detect-bscan-mask 2
targets -set -nocase -filter {name =~ "*microblaze*#0" && bscan=="USER2" }
rst -system
after 3000
targets -set -nocase -filter {name =~ "*microblaze*#0" && bscan=="USER2" }
dow D:/dario/fulgor/trabajo_final/workspace_ethernet/workspace_eth_GMII/eth/Debug/eth.elf
----------------End of Script----------------

14:25:43 INFO  : Memory regions updated for context PA
14:25:43 INFO  : Memory regions updated for context PA
14:25:44 INFO  : Context for processor 'microblaze_0' is selected.
14:25:44 INFO  : 'con' command is executed.
14:25:44 INFO  : ----------------XSDB Script (After Launch)----------------
targets -set -nocase -filter {name =~ "*microblaze*#0" && bscan=="USER2" }
con
----------------End of Script----------------

14:25:44 INFO  : Launch script is exported to file 'D:\dario\fulgor\trabajo_final\workspace_ethernet\workspace_eth_GMII\.sdk\launch_scripts\single_application_debug\systemdebugger_eth_system_standalone.tcl'
14:27:49 INFO  : Disconnected from the channel tcfchan#11.
14:27:49 INFO  : Connected through redirection to target on host '172.16.0.163' and port '3122'.
14:27:49 INFO  : Jtag cable 'Digilent JTAG-SMT1 210203367268A' is selected.
14:27:49 INFO  : 'jtag frequency' command is executed.
14:27:50 INFO  : 'targets -set -filter {jtag_cable_name =~ "Digilent JTAG-SMT1 210203367268A" && level==0} -index 0' command is executed.
14:28:17 INFO  : FPGA configured successfully with bitstream "D:/dario/fulgor/trabajo_final/workspace_ethernet/workspace_eth_GMII/eth/_ide/bitstream/download.bit"
14:28:18 INFO  : 'configparams mdm-detect-bscan-mask 2' command is executed.
14:28:18 INFO  : Context for processor 'microblaze_0' is selected.
14:28:18 INFO  : System reset is completed.
14:28:21 INFO  : 'after 3000' command is executed.
14:28:21 INFO  : Context for processor 'microblaze_0' is selected.
14:28:22 INFO  : The application 'D:/dario/fulgor/trabajo_final/workspace_ethernet/workspace_eth_GMII/eth/Debug/eth.elf' is downloaded to processor 'microblaze_0'.
14:28:22 INFO  : ----------------XSDB Script----------------
connect -path [list tcp::1534 tcp:172.16.0.163:3122]
targets -set -filter {jtag_cable_name =~ "Digilent JTAG-SMT1 210203367268A" && level==0} -index 0
fpga -file D:/dario/fulgor/trabajo_final/workspace_ethernet/workspace_eth_GMII/eth/_ide/bitstream/download.bit
configparams mdm-detect-bscan-mask 2
targets -set -nocase -filter {name =~ "*microblaze*#0" && bscan=="USER2" }
rst -system
after 3000
targets -set -nocase -filter {name =~ "*microblaze*#0" && bscan=="USER2" }
dow D:/dario/fulgor/trabajo_final/workspace_ethernet/workspace_eth_GMII/eth/Debug/eth.elf
----------------End of Script----------------

14:28:23 INFO  : Memory regions updated for context PA
14:28:23 INFO  : Memory regions updated for context PA
14:28:24 INFO  : Context for processor 'microblaze_0' is selected.
14:28:24 INFO  : 'con' command is executed.
14:28:24 INFO  : ----------------XSDB Script (After Launch)----------------
targets -set -nocase -filter {name =~ "*microblaze*#0" && bscan=="USER2" }
con
----------------End of Script----------------

14:28:24 INFO  : Launch script is exported to file 'D:\dario\fulgor\trabajo_final\workspace_ethernet\workspace_eth_GMII\.sdk\launch_scripts\single_application_debug\systemdebugger_eth_system_standalone.tcl'
15:44:46 INFO  : Disconnected from the channel tcfchan#12.
15:44:52 INFO  : Connected through redirection to target on host '172.16.0.163' and port '3122'.
15:44:52 INFO  : Jtag cable 'Digilent JTAG-SMT1 210203367268A' is selected.
15:44:52 INFO  : 'jtag frequency' command is executed.
15:44:53 INFO  : 'targets -set -filter {jtag_cable_name =~ "Digilent JTAG-SMT1 210203367268A" && level==0} -index 0' command is executed.
15:45:19 INFO  : FPGA configured successfully with bitstream "D:/dario/fulgor/trabajo_final/workspace_ethernet/workspace_eth_GMII/eth/_ide/bitstream/download.bit"
15:45:20 INFO  : 'configparams mdm-detect-bscan-mask 2' command is executed.
15:45:20 INFO  : Context for processor 'microblaze_0' is selected.
15:45:20 INFO  : System reset is completed.
15:45:23 INFO  : 'after 3000' command is executed.
15:45:23 INFO  : Context for processor 'microblaze_0' is selected.
15:45:24 INFO  : The application 'D:/dario/fulgor/trabajo_final/workspace_ethernet/workspace_eth_GMII/eth/Debug/eth.elf' is downloaded to processor 'microblaze_0'.
15:45:24 INFO  : ----------------XSDB Script----------------
connect -path [list tcp::1534 tcp:172.16.0.163:3122]
targets -set -filter {jtag_cable_name =~ "Digilent JTAG-SMT1 210203367268A" && level==0} -index 0
fpga -file D:/dario/fulgor/trabajo_final/workspace_ethernet/workspace_eth_GMII/eth/_ide/bitstream/download.bit
configparams mdm-detect-bscan-mask 2
targets -set -nocase -filter {name =~ "*microblaze*#0" && bscan=="USER2" }
rst -system
after 3000
targets -set -nocase -filter {name =~ "*microblaze*#0" && bscan=="USER2" }
dow D:/dario/fulgor/trabajo_final/workspace_ethernet/workspace_eth_GMII/eth/Debug/eth.elf
----------------End of Script----------------

15:45:25 INFO  : Memory regions updated for context PA
15:45:25 INFO  : Memory regions updated for context PA
15:45:25 INFO  : Context for processor 'microblaze_0' is selected.
15:45:26 INFO  : 'con' command is executed.
15:45:26 INFO  : ----------------XSDB Script (After Launch)----------------
targets -set -nocase -filter {name =~ "*microblaze*#0" && bscan=="USER2" }
con
----------------End of Script----------------

15:45:26 INFO  : Launch script is exported to file 'D:\dario\fulgor\trabajo_final\workspace_ethernet\workspace_eth_GMII\.sdk\launch_scripts\single_application_debug\systemdebugger_eth_system_standalone.tcl'
15:54:49 INFO  : Disconnected from the channel tcfchan#13.
20:10:09 INFO  : Launching XSCT server: xsct.bat -n  -interactive D:\dario\fulgor\trabajo_final\workspace_ethernet\workspace_eth_GMII\temp_xsdb_launch_script.tcl
20:10:19 INFO  : XSCT server has started successfully.
20:10:19 INFO  : plnx-install-location is set to ''
20:10:19 INFO  : Successfully done setting XSCT server connection channel  
20:10:19 INFO  : Registering command handlers for Vitis TCF services
20:10:22 INFO  : Successfully done setting workspace for the tool. 
20:10:22 INFO  : Successfully done query RDI_DATADIR 
18:10:20 INFO  : Launching XSCT server: xsct.bat -n  -interactive D:\dario\fulgor\trabajo_final\workspace_ethernet\workspace_eth_GMII\temp_xsdb_launch_script.tcl
18:10:31 INFO  : Registering command handlers for Vitis TCF services
18:10:33 INFO  : XSCT server has started successfully.
18:10:33 INFO  : plnx-install-location is set to ''
18:10:38 INFO  : Successfully done setting XSCT server connection channel  
18:10:38 INFO  : Successfully done query RDI_DATADIR 
18:10:38 INFO  : Successfully done setting workspace for the tool. 
