
*** Running vivado
    with args -log eth1_axi_ethernet_0_0.vds -m64 -product Vivado -mode batch -messageDb vivado.pb -notrace -source eth1_axi_ethernet_0_0.tcl


****** Vivado v2019.2 (64-bit)
  **** SW Build 2708876 on Wed Nov  6 21:40:23 MST 2019
  **** IP Build 2700528 on Thu Nov  7 00:09:20 MST 2019
    ** Copyright 1986-2019 Xilinx, Inc. All Rights Reserved.

source eth1_axi_ethernet_0_0.tcl -notrace
Command: synth_design -top eth1_axi_ethernet_0_0 -part xc7k325tffg900-2 -mode out_of_context
Starting synth_design
Attempting to get a license for feature 'Synthesis' and/or device 'xc7k325t'
INFO: [Common 17-349] Got license for feature 'Synthesis' and/or device 'xc7k325t'
INFO: [Device 21-403] Loading part xc7k325tffg900-2
INFO: Launching helper process for spawning children vivado processes
INFO: Helper process launched with PID 9296 
---------------------------------------------------------------------------------
Starting RTL Elaboration : Time (s): cpu = 00:00:08 ; elapsed = 00:00:08 . Memory (MB): peak = 898.082 ; gain = 234.402
---------------------------------------------------------------------------------
INFO: [Synth 8-6157] synthesizing module 'eth1_axi_ethernet_0_0' [d:/dario/fulgor/trabajo_final/vivado_projects/ethernet_GMII_v1/ethernet_GMII_v1.srcs/sources_1/bd/eth1/ip/eth1_axi_ethernet_0_0/synth/eth1_axi_ethernet_0_0.v:59]
INFO: [Synth 8-6157] synthesizing module 'bd_d93c' [d:/dario/fulgor/trabajo_final/vivado_projects/ethernet_GMII_v1/ethernet_GMII_v1.srcs/sources_1/bd/eth1/ip/eth1_axi_ethernet_0_0/bd_0/synth/bd_d93c.v:10]
INFO: [Synth 8-6157] synthesizing module 'bd_d93c_c_counter_binary_0_0' [D:/dario/fulgor/trabajo_final/vivado_projects/ethernet_GMII_v1/ethernet_GMII_v1.runs/eth1_axi_ethernet_0_0_synth_1/.Xil/Vivado-3596-DESKTOP-9VJG89D/realtime/bd_d93c_c_counter_binary_0_0_stub.v:6]
INFO: [Synth 8-6155] done synthesizing module 'bd_d93c_c_counter_binary_0_0' (1#1) [D:/dario/fulgor/trabajo_final/vivado_projects/ethernet_GMII_v1/ethernet_GMII_v1.runs/eth1_axi_ethernet_0_0_synth_1/.Xil/Vivado-3596-DESKTOP-9VJG89D/realtime/bd_d93c_c_counter_binary_0_0_stub.v:6]
WARNING: [Synth 8-7023] instance 'c_counter_binary_0' of module 'bd_d93c_c_counter_binary_0_0' has 4 connections declared, but only 3 given [d:/dario/fulgor/trabajo_final/vivado_projects/ethernet_GMII_v1/ethernet_GMII_v1.srcs/sources_1/bd/eth1/ip/eth1_axi_ethernet_0_0/bd_0/synth/bd_d93c.v:301]
INFO: [Synth 8-6157] synthesizing module 'bd_d93c_c_shift_ram_0_0' [D:/dario/fulgor/trabajo_final/vivado_projects/ethernet_GMII_v1/ethernet_GMII_v1.runs/eth1_axi_ethernet_0_0_synth_1/.Xil/Vivado-3596-DESKTOP-9VJG89D/realtime/bd_d93c_c_shift_ram_0_0_stub.v:6]
INFO: [Synth 8-6155] done synthesizing module 'bd_d93c_c_shift_ram_0_0' (2#1) [D:/dario/fulgor/trabajo_final/vivado_projects/ethernet_GMII_v1/ethernet_GMII_v1.runs/eth1_axi_ethernet_0_0_synth_1/.Xil/Vivado-3596-DESKTOP-9VJG89D/realtime/bd_d93c_c_shift_ram_0_0_stub.v:6]
INFO: [Synth 8-6157] synthesizing module 'bd_d93c_eth_buf_0' [D:/dario/fulgor/trabajo_final/vivado_projects/ethernet_GMII_v1/ethernet_GMII_v1.runs/eth1_axi_ethernet_0_0_synth_1/.Xil/Vivado-3596-DESKTOP-9VJG89D/realtime/bd_d93c_eth_buf_0_stub.v:6]
INFO: [Synth 8-6155] done synthesizing module 'bd_d93c_eth_buf_0' (3#1) [D:/dario/fulgor/trabajo_final/vivado_projects/ethernet_GMII_v1/ethernet_GMII_v1.runs/eth1_axi_ethernet_0_0_synth_1/.Xil/Vivado-3596-DESKTOP-9VJG89D/realtime/bd_d93c_eth_buf_0_stub.v:6]
WARNING: [Synth 8-7023] instance 'eth_buf' of module 'bd_d93c_eth_buf_0' has 102 connections declared, but only 96 given [d:/dario/fulgor/trabajo_final/vivado_projects/ethernet_GMII_v1/ethernet_GMII_v1.srcs/sources_1/bd/eth1/ip/eth1_axi_ethernet_0_0/bd_0/synth/bd_d93c.v:311]
INFO: [Synth 8-6157] synthesizing module 'bd_d93c_mac_0' [D:/dario/fulgor/trabajo_final/vivado_projects/ethernet_GMII_v1/ethernet_GMII_v1.runs/eth1_axi_ethernet_0_0_synth_1/.Xil/Vivado-3596-DESKTOP-9VJG89D/realtime/bd_d93c_mac_0_stub.v:6]
INFO: [Synth 8-6155] done synthesizing module 'bd_d93c_mac_0' (4#1) [D:/dario/fulgor/trabajo_final/vivado_projects/ethernet_GMII_v1/ethernet_GMII_v1.runs/eth1_axi_ethernet_0_0_synth_1/.Xil/Vivado-3596-DESKTOP-9VJG89D/realtime/bd_d93c_mac_0_stub.v:6]
WARNING: [Synth 8-7023] instance 'mac' of module 'bd_d93c_mac_0' has 62 connections declared, but only 57 given [d:/dario/fulgor/trabajo_final/vivado_projects/ethernet_GMII_v1/ethernet_GMII_v1.srcs/sources_1/bd/eth1/ip/eth1_axi_ethernet_0_0/bd_0/synth/bd_d93c.v:408]
INFO: [Synth 8-6157] synthesizing module 'bd_d93c_util_vector_logic_0_0' [D:/dario/fulgor/trabajo_final/vivado_projects/ethernet_GMII_v1/ethernet_GMII_v1.runs/eth1_axi_ethernet_0_0_synth_1/.Xil/Vivado-3596-DESKTOP-9VJG89D/realtime/bd_d93c_util_vector_logic_0_0_stub.v:6]
INFO: [Synth 8-6155] done synthesizing module 'bd_d93c_util_vector_logic_0_0' (5#1) [D:/dario/fulgor/trabajo_final/vivado_projects/ethernet_GMII_v1/ethernet_GMII_v1.runs/eth1_axi_ethernet_0_0_synth_1/.Xil/Vivado-3596-DESKTOP-9VJG89D/realtime/bd_d93c_util_vector_logic_0_0_stub.v:6]
INFO: [Synth 8-6157] synthesizing module 'bd_d93c_xlconstant_0_0' [d:/dario/fulgor/trabajo_final/vivado_projects/ethernet_GMII_v1/ethernet_GMII_v1.srcs/sources_1/bd/eth1/ip/eth1_axi_ethernet_0_0/bd_0/ip/ip_4/synth/bd_d93c_xlconstant_0_0.v:57]
INFO: [Synth 8-6157] synthesizing module 'xlconstant_v1_1_6_xlconstant' [d:/dario/fulgor/trabajo_final/vivado_projects/ethernet_GMII_v1/ethernet_GMII_v1.srcs/sources_1/bd/eth1/ipshared/34f7/hdl/xlconstant_v1_1_vl_rfs.v:23]
	Parameter CONST_VAL bound to: 1 - type: integer 
	Parameter CONST_WIDTH bound to: 1 - type: integer 
INFO: [Synth 8-6155] done synthesizing module 'xlconstant_v1_1_6_xlconstant' (6#1) [d:/dario/fulgor/trabajo_final/vivado_projects/ethernet_GMII_v1/ethernet_GMII_v1.srcs/sources_1/bd/eth1/ipshared/34f7/hdl/xlconstant_v1_1_vl_rfs.v:23]
INFO: [Synth 8-6155] done synthesizing module 'bd_d93c_xlconstant_0_0' (7#1) [d:/dario/fulgor/trabajo_final/vivado_projects/ethernet_GMII_v1/ethernet_GMII_v1.srcs/sources_1/bd/eth1/ip/eth1_axi_ethernet_0_0/bd_0/ip/ip_4/synth/bd_d93c_xlconstant_0_0.v:57]
INFO: [Synth 8-6155] done synthesizing module 'bd_d93c' (8#1) [d:/dario/fulgor/trabajo_final/vivado_projects/ethernet_GMII_v1/ethernet_GMII_v1.srcs/sources_1/bd/eth1/ip/eth1_axi_ethernet_0_0/bd_0/synth/bd_d93c.v:10]
INFO: [Synth 8-6155] done synthesizing module 'eth1_axi_ethernet_0_0' (9#1) [d:/dario/fulgor/trabajo_final/vivado_projects/ethernet_GMII_v1/ethernet_GMII_v1.srcs/sources_1/bd/eth1/ip/eth1_axi_ethernet_0_0/synth/eth1_axi_ethernet_0_0.v:59]
---------------------------------------------------------------------------------
Finished RTL Elaboration : Time (s): cpu = 00:00:10 ; elapsed = 00:00:10 . Memory (MB): peak = 975.125 ; gain = 311.445
---------------------------------------------------------------------------------

Report Check Netlist: 
+------+------------------+-------+---------+-------+------------------+
|      |Item              |Errors |Warnings |Status |Description       |
+------+------------------+-------+---------+-------+------------------+
|1     |multi_driven_nets |      0|        0|Passed |Multi driven nets |
+------+------------------+-------+---------+-------+------------------+
---------------------------------------------------------------------------------
Start Handling Custom Attributes
---------------------------------------------------------------------------------
---------------------------------------------------------------------------------
Finished Handling Custom Attributes : Time (s): cpu = 00:00:11 ; elapsed = 00:00:11 . Memory (MB): peak = 975.125 ; gain = 311.445
---------------------------------------------------------------------------------
---------------------------------------------------------------------------------
Finished RTL Optimization Phase 1 : Time (s): cpu = 00:00:11 ; elapsed = 00:00:11 . Memory (MB): peak = 975.125 ; gain = 311.445
---------------------------------------------------------------------------------
Netlist sorting complete. Time (s): cpu = 00:00:00 ; elapsed = 00:00:00.016 . Memory (MB): peak = 975.125 ; gain = 0.000
INFO: [Project 1-570] Preparing netlist for logic optimization

Processing XDC Constraints
Initializing timing engine
Parsing XDC File [d:/dario/fulgor/trabajo_final/vivado_projects/ethernet_GMII_v1/ethernet_GMII_v1.srcs/sources_1/bd/eth1/ip/eth1_axi_ethernet_0_0/bd_0/ip/ip_0/bd_d93c_eth_buf_0/bd_19fd_eth_buf_0_in_context.xdc] for cell 'inst/eth_buf'
Finished Parsing XDC File [d:/dario/fulgor/trabajo_final/vivado_projects/ethernet_GMII_v1/ethernet_GMII_v1.srcs/sources_1/bd/eth1/ip/eth1_axi_ethernet_0_0/bd_0/ip/ip_0/bd_d93c_eth_buf_0/bd_19fd_eth_buf_0_in_context.xdc] for cell 'inst/eth_buf'
Parsing XDC File [d:/dario/fulgor/trabajo_final/vivado_projects/ethernet_GMII_v1/ethernet_GMII_v1.srcs/sources_1/bd/eth1/ip/eth1_axi_ethernet_0_0/bd_0/ip/ip_1/bd_d93c_mac_0/bd_d93c_mac_0_in_context.xdc] for cell 'inst/mac'
Finished Parsing XDC File [d:/dario/fulgor/trabajo_final/vivado_projects/ethernet_GMII_v1/ethernet_GMII_v1.srcs/sources_1/bd/eth1/ip/eth1_axi_ethernet_0_0/bd_0/ip/ip_1/bd_d93c_mac_0/bd_d93c_mac_0_in_context.xdc] for cell 'inst/mac'
Parsing XDC File [d:/dario/fulgor/trabajo_final/vivado_projects/ethernet_GMII_v1/ethernet_GMII_v1.srcs/sources_1/bd/eth1/ip/eth1_axi_ethernet_0_0/bd_0/ip/ip_2/bd_d93c_c_shift_ram_0_0/bd_19fd_c_shift_ram_0_0_in_context.xdc] for cell 'inst/c_shift_ram_0'
Finished Parsing XDC File [d:/dario/fulgor/trabajo_final/vivado_projects/ethernet_GMII_v1/ethernet_GMII_v1.srcs/sources_1/bd/eth1/ip/eth1_axi_ethernet_0_0/bd_0/ip/ip_2/bd_d93c_c_shift_ram_0_0/bd_19fd_c_shift_ram_0_0_in_context.xdc] for cell 'inst/c_shift_ram_0'
Parsing XDC File [d:/dario/fulgor/trabajo_final/vivado_projects/ethernet_GMII_v1/ethernet_GMII_v1.srcs/sources_1/bd/eth1/ip/eth1_axi_ethernet_0_0/bd_0/ip/ip_3/bd_d93c_c_counter_binary_0_0/bd_19fd_c_counter_binary_0_0_in_context.xdc] for cell 'inst/c_counter_binary_0'
Finished Parsing XDC File [d:/dario/fulgor/trabajo_final/vivado_projects/ethernet_GMII_v1/ethernet_GMII_v1.srcs/sources_1/bd/eth1/ip/eth1_axi_ethernet_0_0/bd_0/ip/ip_3/bd_d93c_c_counter_binary_0_0/bd_19fd_c_counter_binary_0_0_in_context.xdc] for cell 'inst/c_counter_binary_0'
Parsing XDC File [d:/dario/fulgor/trabajo_final/vivado_projects/ethernet_GMII_v1/ethernet_GMII_v1.srcs/sources_1/bd/eth1/ip/eth1_axi_ethernet_0_0/bd_0/ip/ip_5/bd_d93c_util_vector_logic_0_0/bd_19fd_util_vector_logic_0_0_in_context.xdc] for cell 'inst/util_vector_logic_0'
Finished Parsing XDC File [d:/dario/fulgor/trabajo_final/vivado_projects/ethernet_GMII_v1/ethernet_GMII_v1.srcs/sources_1/bd/eth1/ip/eth1_axi_ethernet_0_0/bd_0/ip/ip_5/bd_d93c_util_vector_logic_0_0/bd_19fd_util_vector_logic_0_0_in_context.xdc] for cell 'inst/util_vector_logic_0'
Parsing XDC File [d:/dario/fulgor/trabajo_final/vivado_projects/ethernet_GMII_v1/ethernet_GMII_v1.srcs/sources_1/bd/eth1/ip/eth1_axi_ethernet_0_0/synth/eth1_axi_ethernet_0_0_ooc.xdc] for cell 'inst'
WARNING: [Constraints 18-619] A clock with name 'gmii_rx_clk' already exists, overwriting the previous clock with the same name. [d:/dario/fulgor/trabajo_final/vivado_projects/ethernet_GMII_v1/ethernet_GMII_v1.srcs/sources_1/bd/eth1/ip/eth1_axi_ethernet_0_0/synth/eth1_axi_ethernet_0_0_ooc.xdc:39]
Finished Parsing XDC File [d:/dario/fulgor/trabajo_final/vivado_projects/ethernet_GMII_v1/ethernet_GMII_v1.srcs/sources_1/bd/eth1/ip/eth1_axi_ethernet_0_0/synth/eth1_axi_ethernet_0_0_ooc.xdc] for cell 'inst'
Parsing XDC File [d:/dario/fulgor/trabajo_final/vivado_projects/ethernet_GMII_v1/ethernet_GMII_v1.srcs/sources_1/bd/eth1/ip/eth1_axi_ethernet_0_0/eth1_axi_ethernet_0_0_board.xdc] for cell 'inst'
Finished Parsing XDC File [d:/dario/fulgor/trabajo_final/vivado_projects/ethernet_GMII_v1/ethernet_GMII_v1.srcs/sources_1/bd/eth1/ip/eth1_axi_ethernet_0_0/eth1_axi_ethernet_0_0_board.xdc] for cell 'inst'
Parsing XDC File [D:/dario/fulgor/trabajo_final/vivado_projects/ethernet_GMII_v1/ethernet_GMII_v1.runs/eth1_axi_ethernet_0_0_synth_1/dont_touch.xdc]
Finished Parsing XDC File [D:/dario/fulgor/trabajo_final/vivado_projects/ethernet_GMII_v1/ethernet_GMII_v1.runs/eth1_axi_ethernet_0_0_synth_1/dont_touch.xdc]
Completed Processing XDC Constraints

Netlist sorting complete. Time (s): cpu = 00:00:00 ; elapsed = 00:00:00 . Memory (MB): peak = 1010.348 ; gain = 0.000
INFO: [Project 1-111] Unisim Transformation Summary:
No Unisim elements were transformed.

Constraint Validation Runtime : Time (s): cpu = 00:00:00 ; elapsed = 00:00:00.144 . Memory (MB): peak = 1010.352 ; gain = 0.004
---------------------------------------------------------------------------------
Finished Constraint Validation : Time (s): cpu = 00:00:23 ; elapsed = 00:00:24 . Memory (MB): peak = 1010.352 ; gain = 346.672
---------------------------------------------------------------------------------
---------------------------------------------------------------------------------
Start Loading Part and Timing Information
---------------------------------------------------------------------------------
Loading part: xc7k325tffg900-2
---------------------------------------------------------------------------------
Finished Loading Part and Timing Information : Time (s): cpu = 00:00:23 ; elapsed = 00:00:24 . Memory (MB): peak = 1010.352 ; gain = 346.672
---------------------------------------------------------------------------------
---------------------------------------------------------------------------------
Start Applying 'set_property' XDC Constraints
---------------------------------------------------------------------------------
Applied set_property IO_BUFFER_TYPE = NONE for gmii_rx_clk. (constraint file  d:/dario/fulgor/trabajo_final/vivado_projects/ethernet_GMII_v1/ethernet_GMII_v1.srcs/sources_1/bd/eth1/ip/eth1_axi_ethernet_0_0/bd_0/ip/ip_1/bd_d93c_mac_0/bd_d93c_mac_0_in_context.xdc, line 6).
Applied set_property CLOCK_BUFFER_TYPE = NONE for gmii_rx_clk. (constraint file  d:/dario/fulgor/trabajo_final/vivado_projects/ethernet_GMII_v1/ethernet_GMII_v1.srcs/sources_1/bd/eth1/ip/eth1_axi_ethernet_0_0/bd_0/ip/ip_1/bd_d93c_mac_0/bd_d93c_mac_0_in_context.xdc, line 7).
Applied set_property IO_BUFFER_TYPE = NONE for gmii_rx_dv. (constraint file  d:/dario/fulgor/trabajo_final/vivado_projects/ethernet_GMII_v1/ethernet_GMII_v1.srcs/sources_1/bd/eth1/ip/eth1_axi_ethernet_0_0/bd_0/ip/ip_1/bd_d93c_mac_0/bd_d93c_mac_0_in_context.xdc, line 8).
Applied set_property CLOCK_BUFFER_TYPE = NONE for gmii_rx_dv. (constraint file  d:/dario/fulgor/trabajo_final/vivado_projects/ethernet_GMII_v1/ethernet_GMII_v1.srcs/sources_1/bd/eth1/ip/eth1_axi_ethernet_0_0/bd_0/ip/ip_1/bd_d93c_mac_0/bd_d93c_mac_0_in_context.xdc, line 9).
Applied set_property IO_BUFFER_TYPE = NONE for gmii_rx_er. (constraint file  d:/dario/fulgor/trabajo_final/vivado_projects/ethernet_GMII_v1/ethernet_GMII_v1.srcs/sources_1/bd/eth1/ip/eth1_axi_ethernet_0_0/bd_0/ip/ip_1/bd_d93c_mac_0/bd_d93c_mac_0_in_context.xdc, line 10).
Applied set_property CLOCK_BUFFER_TYPE = NONE for gmii_rx_er. (constraint file  d:/dario/fulgor/trabajo_final/vivado_projects/ethernet_GMII_v1/ethernet_GMII_v1.srcs/sources_1/bd/eth1/ip/eth1_axi_ethernet_0_0/bd_0/ip/ip_1/bd_d93c_mac_0/bd_d93c_mac_0_in_context.xdc, line 11).
Applied set_property IO_BUFFER_TYPE = NONE for gmii_rxd[0]. (constraint file  d:/dario/fulgor/trabajo_final/vivado_projects/ethernet_GMII_v1/ethernet_GMII_v1.srcs/sources_1/bd/eth1/ip/eth1_axi_ethernet_0_0/bd_0/ip/ip_1/bd_d93c_mac_0/bd_d93c_mac_0_in_context.xdc, line 12).
Applied set_property CLOCK_BUFFER_TYPE = NONE for gmii_rxd[0]. (constraint file  d:/dario/fulgor/trabajo_final/vivado_projects/ethernet_GMII_v1/ethernet_GMII_v1.srcs/sources_1/bd/eth1/ip/eth1_axi_ethernet_0_0/bd_0/ip/ip_1/bd_d93c_mac_0/bd_d93c_mac_0_in_context.xdc, line 13).
Applied set_property IO_BUFFER_TYPE = NONE for gmii_rxd[1]. (constraint file  d:/dario/fulgor/trabajo_final/vivado_projects/ethernet_GMII_v1/ethernet_GMII_v1.srcs/sources_1/bd/eth1/ip/eth1_axi_ethernet_0_0/bd_0/ip/ip_1/bd_d93c_mac_0/bd_d93c_mac_0_in_context.xdc, line 14).
Applied set_property CLOCK_BUFFER_TYPE = NONE for gmii_rxd[1]. (constraint file  d:/dario/fulgor/trabajo_final/vivado_projects/ethernet_GMII_v1/ethernet_GMII_v1.srcs/sources_1/bd/eth1/ip/eth1_axi_ethernet_0_0/bd_0/ip/ip_1/bd_d93c_mac_0/bd_d93c_mac_0_in_context.xdc, line 15).
Applied set_property IO_BUFFER_TYPE = NONE for gmii_rxd[2]. (constraint file  d:/dario/fulgor/trabajo_final/vivado_projects/ethernet_GMII_v1/ethernet_GMII_v1.srcs/sources_1/bd/eth1/ip/eth1_axi_ethernet_0_0/bd_0/ip/ip_1/bd_d93c_mac_0/bd_d93c_mac_0_in_context.xdc, line 16).
Applied set_property CLOCK_BUFFER_TYPE = NONE for gmii_rxd[2]. (constraint file  d:/dario/fulgor/trabajo_final/vivado_projects/ethernet_GMII_v1/ethernet_GMII_v1.srcs/sources_1/bd/eth1/ip/eth1_axi_ethernet_0_0/bd_0/ip/ip_1/bd_d93c_mac_0/bd_d93c_mac_0_in_context.xdc, line 17).
Applied set_property IO_BUFFER_TYPE = NONE for gmii_rxd[3]. (constraint file  d:/dario/fulgor/trabajo_final/vivado_projects/ethernet_GMII_v1/ethernet_GMII_v1.srcs/sources_1/bd/eth1/ip/eth1_axi_ethernet_0_0/bd_0/ip/ip_1/bd_d93c_mac_0/bd_d93c_mac_0_in_context.xdc, line 18).
Applied set_property CLOCK_BUFFER_TYPE = NONE for gmii_rxd[3]. (constraint file  d:/dario/fulgor/trabajo_final/vivado_projects/ethernet_GMII_v1/ethernet_GMII_v1.srcs/sources_1/bd/eth1/ip/eth1_axi_ethernet_0_0/bd_0/ip/ip_1/bd_d93c_mac_0/bd_d93c_mac_0_in_context.xdc, line 19).
Applied set_property IO_BUFFER_TYPE = NONE for gmii_rxd[4]. (constraint file  d:/dario/fulgor/trabajo_final/vivado_projects/ethernet_GMII_v1/ethernet_GMII_v1.srcs/sources_1/bd/eth1/ip/eth1_axi_ethernet_0_0/bd_0/ip/ip_1/bd_d93c_mac_0/bd_d93c_mac_0_in_context.xdc, line 20).
Applied set_property CLOCK_BUFFER_TYPE = NONE for gmii_rxd[4]. (constraint file  d:/dario/fulgor/trabajo_final/vivado_projects/ethernet_GMII_v1/ethernet_GMII_v1.srcs/sources_1/bd/eth1/ip/eth1_axi_ethernet_0_0/bd_0/ip/ip_1/bd_d93c_mac_0/bd_d93c_mac_0_in_context.xdc, line 21).
Applied set_property IO_BUFFER_TYPE = NONE for gmii_rxd[5]. (constraint file  d:/dario/fulgor/trabajo_final/vivado_projects/ethernet_GMII_v1/ethernet_GMII_v1.srcs/sources_1/bd/eth1/ip/eth1_axi_ethernet_0_0/bd_0/ip/ip_1/bd_d93c_mac_0/bd_d93c_mac_0_in_context.xdc, line 22).
Applied set_property CLOCK_BUFFER_TYPE = NONE for gmii_rxd[5]. (constraint file  d:/dario/fulgor/trabajo_final/vivado_projects/ethernet_GMII_v1/ethernet_GMII_v1.srcs/sources_1/bd/eth1/ip/eth1_axi_ethernet_0_0/bd_0/ip/ip_1/bd_d93c_mac_0/bd_d93c_mac_0_in_context.xdc, line 23).
Applied set_property IO_BUFFER_TYPE = NONE for gmii_rxd[6]. (constraint file  d:/dario/fulgor/trabajo_final/vivado_projects/ethernet_GMII_v1/ethernet_GMII_v1.srcs/sources_1/bd/eth1/ip/eth1_axi_ethernet_0_0/bd_0/ip/ip_1/bd_d93c_mac_0/bd_d93c_mac_0_in_context.xdc, line 24).
Applied set_property CLOCK_BUFFER_TYPE = NONE for gmii_rxd[6]. (constraint file  d:/dario/fulgor/trabajo_final/vivado_projects/ethernet_GMII_v1/ethernet_GMII_v1.srcs/sources_1/bd/eth1/ip/eth1_axi_ethernet_0_0/bd_0/ip/ip_1/bd_d93c_mac_0/bd_d93c_mac_0_in_context.xdc, line 25).
Applied set_property IO_BUFFER_TYPE = NONE for gmii_rxd[7]. (constraint file  d:/dario/fulgor/trabajo_final/vivado_projects/ethernet_GMII_v1/ethernet_GMII_v1.srcs/sources_1/bd/eth1/ip/eth1_axi_ethernet_0_0/bd_0/ip/ip_1/bd_d93c_mac_0/bd_d93c_mac_0_in_context.xdc, line 26).
Applied set_property CLOCK_BUFFER_TYPE = NONE for gmii_rxd[7]. (constraint file  d:/dario/fulgor/trabajo_final/vivado_projects/ethernet_GMII_v1/ethernet_GMII_v1.srcs/sources_1/bd/eth1/ip/eth1_axi_ethernet_0_0/bd_0/ip/ip_1/bd_d93c_mac_0/bd_d93c_mac_0_in_context.xdc, line 27).
Applied set_property IO_BUFFER_TYPE = NONE for gmii_gtx_clk. (constraint file  d:/dario/fulgor/trabajo_final/vivado_projects/ethernet_GMII_v1/ethernet_GMII_v1.srcs/sources_1/bd/eth1/ip/eth1_axi_ethernet_0_0/bd_0/ip/ip_1/bd_d93c_mac_0/bd_d93c_mac_0_in_context.xdc, line 28).
Applied set_property CLOCK_BUFFER_TYPE = NONE for gmii_gtx_clk. (constraint file  d:/dario/fulgor/trabajo_final/vivado_projects/ethernet_GMII_v1/ethernet_GMII_v1.srcs/sources_1/bd/eth1/ip/eth1_axi_ethernet_0_0/bd_0/ip/ip_1/bd_d93c_mac_0/bd_d93c_mac_0_in_context.xdc, line 29).
Applied set_property IO_BUFFER_TYPE = NONE for gmii_tx_en. (constraint file  d:/dario/fulgor/trabajo_final/vivado_projects/ethernet_GMII_v1/ethernet_GMII_v1.srcs/sources_1/bd/eth1/ip/eth1_axi_ethernet_0_0/bd_0/ip/ip_1/bd_d93c_mac_0/bd_d93c_mac_0_in_context.xdc, line 30).
Applied set_property CLOCK_BUFFER_TYPE = NONE for gmii_tx_en. (constraint file  d:/dario/fulgor/trabajo_final/vivado_projects/ethernet_GMII_v1/ethernet_GMII_v1.srcs/sources_1/bd/eth1/ip/eth1_axi_ethernet_0_0/bd_0/ip/ip_1/bd_d93c_mac_0/bd_d93c_mac_0_in_context.xdc, line 31).
Applied set_property IO_BUFFER_TYPE = NONE for gmii_tx_er. (constraint file  d:/dario/fulgor/trabajo_final/vivado_projects/ethernet_GMII_v1/ethernet_GMII_v1.srcs/sources_1/bd/eth1/ip/eth1_axi_ethernet_0_0/bd_0/ip/ip_1/bd_d93c_mac_0/bd_d93c_mac_0_in_context.xdc, line 32).
Applied set_property CLOCK_BUFFER_TYPE = NONE for gmii_tx_er. (constraint file  d:/dario/fulgor/trabajo_final/vivado_projects/ethernet_GMII_v1/ethernet_GMII_v1.srcs/sources_1/bd/eth1/ip/eth1_axi_ethernet_0_0/bd_0/ip/ip_1/bd_d93c_mac_0/bd_d93c_mac_0_in_context.xdc, line 33).
Applied set_property IO_BUFFER_TYPE = NONE for gmii_txd[0]. (constraint file  d:/dario/fulgor/trabajo_final/vivado_projects/ethernet_GMII_v1/ethernet_GMII_v1.srcs/sources_1/bd/eth1/ip/eth1_axi_ethernet_0_0/bd_0/ip/ip_1/bd_d93c_mac_0/bd_d93c_mac_0_in_context.xdc, line 34).
Applied set_property CLOCK_BUFFER_TYPE = NONE for gmii_txd[0]. (constraint file  d:/dario/fulgor/trabajo_final/vivado_projects/ethernet_GMII_v1/ethernet_GMII_v1.srcs/sources_1/bd/eth1/ip/eth1_axi_ethernet_0_0/bd_0/ip/ip_1/bd_d93c_mac_0/bd_d93c_mac_0_in_context.xdc, line 35).
Applied set_property IO_BUFFER_TYPE = NONE for gmii_txd[1]. (constraint file  d:/dario/fulgor/trabajo_final/vivado_projects/ethernet_GMII_v1/ethernet_GMII_v1.srcs/sources_1/bd/eth1/ip/eth1_axi_ethernet_0_0/bd_0/ip/ip_1/bd_d93c_mac_0/bd_d93c_mac_0_in_context.xdc, line 36).
Applied set_property CLOCK_BUFFER_TYPE = NONE for gmii_txd[1]. (constraint file  d:/dario/fulgor/trabajo_final/vivado_projects/ethernet_GMII_v1/ethernet_GMII_v1.srcs/sources_1/bd/eth1/ip/eth1_axi_ethernet_0_0/bd_0/ip/ip_1/bd_d93c_mac_0/bd_d93c_mac_0_in_context.xdc, line 37).
Applied set_property IO_BUFFER_TYPE = NONE for gmii_txd[2]. (constraint file  d:/dario/fulgor/trabajo_final/vivado_projects/ethernet_GMII_v1/ethernet_GMII_v1.srcs/sources_1/bd/eth1/ip/eth1_axi_ethernet_0_0/bd_0/ip/ip_1/bd_d93c_mac_0/bd_d93c_mac_0_in_context.xdc, line 38).
Applied set_property CLOCK_BUFFER_TYPE = NONE for gmii_txd[2]. (constraint file  d:/dario/fulgor/trabajo_final/vivado_projects/ethernet_GMII_v1/ethernet_GMII_v1.srcs/sources_1/bd/eth1/ip/eth1_axi_ethernet_0_0/bd_0/ip/ip_1/bd_d93c_mac_0/bd_d93c_mac_0_in_context.xdc, line 39).
Applied set_property IO_BUFFER_TYPE = NONE for gmii_txd[3]. (constraint file  d:/dario/fulgor/trabajo_final/vivado_projects/ethernet_GMII_v1/ethernet_GMII_v1.srcs/sources_1/bd/eth1/ip/eth1_axi_ethernet_0_0/bd_0/ip/ip_1/bd_d93c_mac_0/bd_d93c_mac_0_in_context.xdc, line 40).
Applied set_property CLOCK_BUFFER_TYPE = NONE for gmii_txd[3]. (constraint file  d:/dario/fulgor/trabajo_final/vivado_projects/ethernet_GMII_v1/ethernet_GMII_v1.srcs/sources_1/bd/eth1/ip/eth1_axi_ethernet_0_0/bd_0/ip/ip_1/bd_d93c_mac_0/bd_d93c_mac_0_in_context.xdc, line 41).
Applied set_property IO_BUFFER_TYPE = NONE for gmii_txd[4]. (constraint file  d:/dario/fulgor/trabajo_final/vivado_projects/ethernet_GMII_v1/ethernet_GMII_v1.srcs/sources_1/bd/eth1/ip/eth1_axi_ethernet_0_0/bd_0/ip/ip_1/bd_d93c_mac_0/bd_d93c_mac_0_in_context.xdc, line 42).
Applied set_property CLOCK_BUFFER_TYPE = NONE for gmii_txd[4]. (constraint file  d:/dario/fulgor/trabajo_final/vivado_projects/ethernet_GMII_v1/ethernet_GMII_v1.srcs/sources_1/bd/eth1/ip/eth1_axi_ethernet_0_0/bd_0/ip/ip_1/bd_d93c_mac_0/bd_d93c_mac_0_in_context.xdc, line 43).
Applied set_property IO_BUFFER_TYPE = NONE for gmii_txd[5]. (constraint file  d:/dario/fulgor/trabajo_final/vivado_projects/ethernet_GMII_v1/ethernet_GMII_v1.srcs/sources_1/bd/eth1/ip/eth1_axi_ethernet_0_0/bd_0/ip/ip_1/bd_d93c_mac_0/bd_d93c_mac_0_in_context.xdc, line 44).
Applied set_property CLOCK_BUFFER_TYPE = NONE for gmii_txd[5]. (constraint file  d:/dario/fulgor/trabajo_final/vivado_projects/ethernet_GMII_v1/ethernet_GMII_v1.srcs/sources_1/bd/eth1/ip/eth1_axi_ethernet_0_0/bd_0/ip/ip_1/bd_d93c_mac_0/bd_d93c_mac_0_in_context.xdc, line 45).
Applied set_property IO_BUFFER_TYPE = NONE for gmii_txd[6]. (constraint file  d:/dario/fulgor/trabajo_final/vivado_projects/ethernet_GMII_v1/ethernet_GMII_v1.srcs/sources_1/bd/eth1/ip/eth1_axi_ethernet_0_0/bd_0/ip/ip_1/bd_d93c_mac_0/bd_d93c_mac_0_in_context.xdc, line 46).
Applied set_property CLOCK_BUFFER_TYPE = NONE for gmii_txd[6]. (constraint file  d:/dario/fulgor/trabajo_final/vivado_projects/ethernet_GMII_v1/ethernet_GMII_v1.srcs/sources_1/bd/eth1/ip/eth1_axi_ethernet_0_0/bd_0/ip/ip_1/bd_d93c_mac_0/bd_d93c_mac_0_in_context.xdc, line 47).
Applied set_property IO_BUFFER_TYPE = NONE for gmii_txd[7]. (constraint file  d:/dario/fulgor/trabajo_final/vivado_projects/ethernet_GMII_v1/ethernet_GMII_v1.srcs/sources_1/bd/eth1/ip/eth1_axi_ethernet_0_0/bd_0/ip/ip_1/bd_d93c_mac_0/bd_d93c_mac_0_in_context.xdc, line 48).
Applied set_property CLOCK_BUFFER_TYPE = NONE for gmii_txd[7]. (constraint file  d:/dario/fulgor/trabajo_final/vivado_projects/ethernet_GMII_v1/ethernet_GMII_v1.srcs/sources_1/bd/eth1/ip/eth1_axi_ethernet_0_0/bd_0/ip/ip_1/bd_d93c_mac_0/bd_d93c_mac_0_in_context.xdc, line 49).
Applied set_property IO_BUFFER_TYPE = NONE for gmii_tx_clk. (constraint file  d:/dario/fulgor/trabajo_final/vivado_projects/ethernet_GMII_v1/ethernet_GMII_v1.srcs/sources_1/bd/eth1/ip/eth1_axi_ethernet_0_0/bd_0/ip/ip_1/bd_d93c_mac_0/bd_d93c_mac_0_in_context.xdc, line 50).
Applied set_property CLOCK_BUFFER_TYPE = NONE for gmii_tx_clk. (constraint file  d:/dario/fulgor/trabajo_final/vivado_projects/ethernet_GMII_v1/ethernet_GMII_v1.srcs/sources_1/bd/eth1/ip/eth1_axi_ethernet_0_0/bd_0/ip/ip_1/bd_d93c_mac_0/bd_d93c_mac_0_in_context.xdc, line 51).
Applied set_property DONT_TOUCH = true for inst. (constraint file  auto generated constraint, line ).
Applied set_property DONT_TOUCH = true for inst/eth_buf. (constraint file  auto generated constraint, line ).
Applied set_property DONT_TOUCH = true for inst/mac. (constraint file  auto generated constraint, line ).
Applied set_property DONT_TOUCH = true for inst/c_shift_ram_0. (constraint file  auto generated constraint, line ).
Applied set_property DONT_TOUCH = true for inst/c_counter_binary_0. (constraint file  auto generated constraint, line ).
Applied set_property DONT_TOUCH = true for inst/xlconstant_0. (constraint file  auto generated constraint, line ).
Applied set_property DONT_TOUCH = true for inst/util_vector_logic_0. (constraint file  auto generated constraint, line ).
---------------------------------------------------------------------------------
Finished applying 'set_property' XDC Constraints : Time (s): cpu = 00:00:23 ; elapsed = 00:00:24 . Memory (MB): peak = 1010.352 ; gain = 346.672
---------------------------------------------------------------------------------
---------------------------------------------------------------------------------
Finished RTL Optimization Phase 2 : Time (s): cpu = 00:00:23 ; elapsed = 00:00:24 . Memory (MB): peak = 1010.352 ; gain = 346.672
---------------------------------------------------------------------------------

Report RTL Partitions: 
+-+--------------+------------+----------+
| |RTL Partition |Replication |Instances |
+-+--------------+------------+----------+
+-+--------------+------------+----------+
---------------------------------------------------------------------------------
Start RTL Component Statistics 
---------------------------------------------------------------------------------
Detailed RTL Component Info : 
---------------------------------------------------------------------------------
Finished RTL Component Statistics 
---------------------------------------------------------------------------------
---------------------------------------------------------------------------------
Start RTL Hierarchical Component Statistics 
---------------------------------------------------------------------------------
Hierarchical RTL Component report 
---------------------------------------------------------------------------------
Finished RTL Hierarchical Component Statistics
---------------------------------------------------------------------------------
---------------------------------------------------------------------------------
Start Part Resource Summary
---------------------------------------------------------------------------------
Part Resources:
DSPs: 840 (col length:140)
BRAMs: 890 (col length: RAMB18 140 RAMB36 70)
---------------------------------------------------------------------------------
Finished Part Resource Summary
---------------------------------------------------------------------------------
---------------------------------------------------------------------------------
Start Cross Boundary and Area Optimization
---------------------------------------------------------------------------------
Warning: Parallel synthesis criteria is not met 
---------------------------------------------------------------------------------
Finished Cross Boundary and Area Optimization : Time (s): cpu = 00:00:26 ; elapsed = 00:00:27 . Memory (MB): peak = 1010.352 ; gain = 346.672
---------------------------------------------------------------------------------

Report RTL Partitions: 
+-+--------------+------------+----------+
| |RTL Partition |Replication |Instances |
+-+--------------+------------+----------+
+-+--------------+------------+----------+
---------------------------------------------------------------------------------
Start Applying XDC Timing Constraints
---------------------------------------------------------------------------------
WARNING: [Synth 8-565] redefining clock 'gmii_rx_clk'
---------------------------------------------------------------------------------
Finished Applying XDC Timing Constraints : Time (s): cpu = 00:00:39 ; elapsed = 00:00:40 . Memory (MB): peak = 1041.957 ; gain = 378.277
---------------------------------------------------------------------------------
---------------------------------------------------------------------------------
Start Timing Optimization
---------------------------------------------------------------------------------
---------------------------------------------------------------------------------
Finished Timing Optimization : Time (s): cpu = 00:00:39 ; elapsed = 00:00:40 . Memory (MB): peak = 1042.105 ; gain = 378.426
---------------------------------------------------------------------------------

Report RTL Partitions: 
+-+--------------+------------+----------+
| |RTL Partition |Replication |Instances |
+-+--------------+------------+----------+
+-+--------------+------------+----------+
---------------------------------------------------------------------------------
Start Technology Mapping
---------------------------------------------------------------------------------
---------------------------------------------------------------------------------
Finished Technology Mapping : Time (s): cpu = 00:00:39 ; elapsed = 00:00:40 . Memory (MB): peak = 1051.922 ; gain = 388.242
---------------------------------------------------------------------------------

Report RTL Partitions: 
+-+--------------+------------+----------+
| |RTL Partition |Replication |Instances |
+-+--------------+------------+----------+
+-+--------------+------------+----------+
---------------------------------------------------------------------------------
Start IO Insertion
---------------------------------------------------------------------------------
---------------------------------------------------------------------------------
Start Flattening Before IO Insertion
---------------------------------------------------------------------------------
---------------------------------------------------------------------------------
Finished Flattening Before IO Insertion
---------------------------------------------------------------------------------
---------------------------------------------------------------------------------
Start Final Netlist Cleanup
---------------------------------------------------------------------------------
---------------------------------------------------------------------------------
Finished Final Netlist Cleanup
---------------------------------------------------------------------------------
---------------------------------------------------------------------------------
Finished IO Insertion : Time (s): cpu = 00:00:57 ; elapsed = 00:00:59 . Memory (MB): peak = 1067.730 ; gain = 404.051
---------------------------------------------------------------------------------
---------------------------------------------------------------------------------
Start Renaming Generated Instances
---------------------------------------------------------------------------------
---------------------------------------------------------------------------------
Finished Renaming Generated Instances : Time (s): cpu = 00:00:57 ; elapsed = 00:00:59 . Memory (MB): peak = 1067.730 ; gain = 404.051
---------------------------------------------------------------------------------

Report RTL Partitions: 
+-+--------------+------------+----------+
| |RTL Partition |Replication |Instances |
+-+--------------+------------+----------+
+-+--------------+------------+----------+

Report Check Netlist: 
+------+------------------+-------+---------+-------+------------------+
|      |Item              |Errors |Warnings |Status |Description       |
+------+------------------+-------+---------+-------+------------------+
|1     |multi_driven_nets |      0|        0|Passed |Multi driven nets |
+------+------------------+-------+---------+-------+------------------+
---------------------------------------------------------------------------------
Start Rebuilding User Hierarchy
---------------------------------------------------------------------------------
---------------------------------------------------------------------------------
Finished Rebuilding User Hierarchy : Time (s): cpu = 00:00:57 ; elapsed = 00:00:59 . Memory (MB): peak = 1067.730 ; gain = 404.051
---------------------------------------------------------------------------------
---------------------------------------------------------------------------------
Start Renaming Generated Ports
---------------------------------------------------------------------------------
---------------------------------------------------------------------------------
Finished Renaming Generated Ports : Time (s): cpu = 00:00:57 ; elapsed = 00:00:59 . Memory (MB): peak = 1067.730 ; gain = 404.051
---------------------------------------------------------------------------------
---------------------------------------------------------------------------------
Start Handling Custom Attributes
---------------------------------------------------------------------------------
---------------------------------------------------------------------------------
Finished Handling Custom Attributes : Time (s): cpu = 00:00:57 ; elapsed = 00:00:59 . Memory (MB): peak = 1067.730 ; gain = 404.051
---------------------------------------------------------------------------------
---------------------------------------------------------------------------------
Start Renaming Generated Nets
---------------------------------------------------------------------------------
---------------------------------------------------------------------------------
Finished Renaming Generated Nets : Time (s): cpu = 00:00:57 ; elapsed = 00:00:59 . Memory (MB): peak = 1067.730 ; gain = 404.051
---------------------------------------------------------------------------------
---------------------------------------------------------------------------------
Start Writing Synthesis Report
---------------------------------------------------------------------------------

Report BlackBoxes: 
+------+------------------------------+----------+
|      |BlackBox name                 |Instances |
+------+------------------------------+----------+
|1     |bd_d93c_c_counter_binary_0_0  |         1|
|2     |bd_d93c_c_shift_ram_0_0       |         1|
|3     |bd_d93c_eth_buf_0             |         1|
|4     |bd_d93c_mac_0                 |         1|
|5     |bd_d93c_util_vector_logic_0_0 |         1|
+------+------------------------------+----------+

Report Cell Usage: 
+------+------------------------------+------+
|      |Cell                          |Count |
+------+------------------------------+------+
|1     |bd_d93c_c_counter_binary_0_0  |     1|
|2     |bd_d93c_c_shift_ram_0_0       |     1|
|3     |bd_d93c_eth_buf_0             |     1|
|4     |bd_d93c_mac_0                 |     1|
|5     |bd_d93c_util_vector_logic_0_0 |     1|
+------+------------------------------+------+

Report Instance Areas: 
+------+-----------------+-----------------------+------+
|      |Instance         |Module                 |Cells |
+------+-----------------+-----------------------+------+
|1     |top              |                       |   394|
|2     |  inst           |bd_d93c                |   394|
|3     |    xlconstant_0 |bd_d93c_xlconstant_0_0 |     0|
+------+-----------------+-----------------------+------+
---------------------------------------------------------------------------------
Finished Writing Synthesis Report : Time (s): cpu = 00:00:57 ; elapsed = 00:00:59 . Memory (MB): peak = 1067.730 ; gain = 404.051
---------------------------------------------------------------------------------
Synthesis finished with 0 errors, 0 critical warnings and 1 warnings.
Synthesis Optimization Runtime : Time (s): cpu = 00:00:43 ; elapsed = 00:00:54 . Memory (MB): peak = 1067.730 ; gain = 368.824
Synthesis Optimization Complete : Time (s): cpu = 00:00:58 ; elapsed = 00:00:59 . Memory (MB): peak = 1067.730 ; gain = 404.051
INFO: [Project 1-571] Translating synthesized netlist
Netlist sorting complete. Time (s): cpu = 00:00:00 ; elapsed = 00:00:00.017 . Memory (MB): peak = 1067.730 ; gain = 0.000
INFO: [Project 1-570] Preparing netlist for logic optimization
INFO: [Opt 31-138] Pushed 0 inverter(s) to 0 load pin(s).
Netlist sorting complete. Time (s): cpu = 00:00:00 ; elapsed = 00:00:00 . Memory (MB): peak = 1094.180 ; gain = 0.000
INFO: [Project 1-111] Unisim Transformation Summary:
No Unisim elements were transformed.

INFO: [Common 17-83] Releasing license: Synthesis
27 Infos, 5 Warnings, 0 Critical Warnings and 0 Errors encountered.
synth_design completed successfully
synth_design: Time (s): cpu = 00:01:06 ; elapsed = 00:01:09 . Memory (MB): peak = 1099.184 ; gain = 774.766
Netlist sorting complete. Time (s): cpu = 00:00:00 ; elapsed = 00:00:00 . Memory (MB): peak = 1099.184 ; gain = 0.000
WARNING: [Constraints 18-5210] No constraints selected for write.
Resolution: This message can indicate that there are no constraints for the design, or it can indicate that the used_in flags are set such that the constraints are ignored. This later case is used when running synth_design to not write synthesis constraints to the resulting checkpoint. Instead, project constraints are read when the synthesized design is opened.
INFO: [Common 17-1381] The checkpoint 'D:/dario/fulgor/trabajo_final/vivado_projects/ethernet_GMII_v1/ethernet_GMII_v1.runs/eth1_axi_ethernet_0_0_synth_1/eth1_axi_ethernet_0_0.dcp' has been generated.
WARNING: [Common 17-576] 'use_project_ipc' is deprecated. This option is deprecated and no longer used.
INFO: [Coretcl 2-1648] Added synthesis output to IP cache for IP eth1_axi_ethernet_0_0, cache-ID = 6414fa09a4ee78fc
INFO: [Coretcl 2-1174] Renamed 7 cell refs.
Netlist sorting complete. Time (s): cpu = 00:00:00 ; elapsed = 00:00:00 . Memory (MB): peak = 1099.184 ; gain = 0.000
WARNING: [Constraints 18-5210] No constraints selected for write.
Resolution: This message can indicate that there are no constraints for the design, or it can indicate that the used_in flags are set such that the constraints are ignored. This later case is used when running synth_design to not write synthesis constraints to the resulting checkpoint. Instead, project constraints are read when the synthesized design is opened.
INFO: [Common 17-1381] The checkpoint 'D:/dario/fulgor/trabajo_final/vivado_projects/ethernet_GMII_v1/ethernet_GMII_v1.runs/eth1_axi_ethernet_0_0_synth_1/eth1_axi_ethernet_0_0.dcp' has been generated.
INFO: [runtcl-4] Executing : report_utilization -file eth1_axi_ethernet_0_0_utilization_synth.rpt -pb eth1_axi_ethernet_0_0_utilization_synth.pb
INFO: [Common 17-206] Exiting Vivado at Wed Jan 20 01:23:05 2021...
