12:29:57 INFO  : Launching XSCT server: xsct.bat -n  -interactive C:\vivado_projects\project_kintex7_eth_v20201\vitis_workspace\temp_xsdb_launch_script.tcl
12:29:57 INFO  : Registering command handlers for Vitis TCF services
12:29:59 INFO  : XSCT server has started successfully.
12:29:59 INFO  : Successfully done setting XSCT server connection channel  
12:29:59 INFO  : Platform repository initialization has completed.
12:30:00 INFO  : plnx-install-location is set to ''
12:30:00 INFO  : Successfully done setting workspace for the tool. 
12:30:00 INFO  : Successfully done query RDI_DATADIR 
14:21:59 INFO  : Launching XSCT server: xsct.bat -n  -interactive C:\vivado_projects\project_kintex7_eth_v20201\vitis_workspace\temp_xsdb_launch_script.tcl
14:22:00 INFO  : Registering command handlers for Vitis TCF services
14:22:04 INFO  : XSCT server has started successfully.
14:22:04 INFO  : Successfully done setting XSCT server connection channel  
14:22:07 INFO  : plnx-install-location is set to ''
14:22:07 INFO  : Successfully done setting workspace for the tool. 
14:22:07 INFO  : Successfully done query RDI_DATADIR 
14:22:08 INFO  : Platform repository initialization has completed.
14:23:31 INFO  : Result from executing command 'getProjects': micro_wrapper
14:23:31 INFO  : Result from executing command 'getPlatforms': 
14:23:31 INFO  : Platform 'micro_wrapper' is added to custom repositories.
14:23:36 INFO  : Platform 'micro_wrapper' is added to custom repositories.
14:23:44 INFO  : Successfully done sdx_reload_mss "C:/vivado_projects/project_kintex7_eth_v20201/vitis_workspace/micro_wrapper/microblaze_0/domain_microblaze_0/bsp/system.mss"
14:24:59 INFO  : (SwPlaform) Successfully done setParamInSpec 
14:25:03 INFO  : (SwPlatform) Successfully done update_mss 
14:25:04 INFO  : Successfully done sdx_reload_mss "C:/vivado_projects/project_kintex7_eth_v20201/vitis_workspace/micro_wrapper/microblaze_0/domain_microblaze_0/bsp/system.mss"
14:25:41 INFO  : Result from executing command 'getProjects': micro_wrapper
14:25:41 INFO  : Result from executing command 'getPlatforms': micro_wrapper|C:/vivado_projects/project_kintex7_eth_v20201/vitis_workspace/micro_wrapper/export/micro_wrapper/micro_wrapper.xpfm
14:25:45 INFO  : Checking for BSP changes to sync application flags for project 'echo_server'...
14:25:45 INFO  : Updating application flags with new BSP settings...
14:25:45 INFO  : Successfully updated application flags for project echo_server.
14:26:16 INFO  : Connected to target on host '127.0.0.1' and port '3121'.
14:26:39 INFO  : Connected to target on host '127.0.0.1' and port '3121'.
14:27:01 INFO  : Connected to target on host '127.0.0.1' and port '3121'.
14:27:34 INFO  : Connected to target on host '127.0.0.1' and port '3121'.
14:32:21 INFO  : Bit file 'C:/vivado_projects/project_kintex7_eth_v20201/vitis_workspace/echo_server/_ide/bitstream/download.bit' is generated.
14:32:21 INFO  : Connected to target on host '127.0.0.1' and port '3121'.
14:47:52 INFO  : Connected to target on host '127.0.0.1' and port '3121'.
14:50:49 INFO  : Connected to target on host '127.0.0.1' and port '3121'.
14:51:21 INFO  : Bit file 'C:/vivado_projects/project_kintex7_eth_v20201/vitis_workspace/echo_server/_ide/bitstream/download.bit' is generated.
14:51:21 INFO  : Connected to target on host '127.0.0.1' and port '3121'.
14:51:22 INFO  : 'targets -set -filter {jtag_cable_name =~ "Digilent JTAG-SMT1 210203339927A" && level==0 && jtag_device_ctx=="jsn-JTAG-SMT1-210203339927A-43651093-0"}' command is executed.
14:51:28 INFO  : FPGA configured successfully with bitstream "C:/vivado_projects/project_kintex7_eth_v20201/vitis_workspace/echo_server/_ide/bitstream/download.bit"
14:51:50 INFO  : Connected to target on host '127.0.0.1' and port '3121'.
14:51:50 INFO  : Jtag cable 'Digilent JTAG-SMT1 210203339927A' is selected.
14:51:50 INFO  : 'jtag frequency' command is executed.
14:51:50 INFO  : 'targets -set -filter {jtag_cable_name =~ "Digilent JTAG-SMT1 210203339927A" && level==0 && jtag_device_ctx=="jsn-JTAG-SMT1-210203339927A-43651093-0"}' command is executed.
14:51:57 INFO  : FPGA configured successfully with bitstream "C:/vivado_projects/project_kintex7_eth_v20201/vitis_workspace/echo_server/_ide/bitstream/download.bit"
14:51:57 INFO  : Context for processor 'microblaze_0' is selected.
14:51:57 INFO  : Hardware design and registers information is loaded from 'C:/vivado_projects/project_kintex7_eth_v20201/vitis_workspace/micro_wrapper/export/micro_wrapper/hw/micro_wrapper.xsa'.
14:51:57 INFO  : 'configparams mdm-detect-bscan-mask 2' command is executed.
14:51:57 INFO  : Context for processor 'microblaze_0' is selected.
14:51:57 INFO  : System reset is completed.
14:52:00 INFO  : 'after 3000' command is executed.
14:52:00 INFO  : Context for processor 'microblaze_0' is selected.
14:52:01 INFO  : The application 'C:/vivado_projects/project_kintex7_eth_v20201/vitis_workspace/echo_server/Debug/echo_server.elf' is downloaded to processor 'microblaze_0'.
14:52:01 INFO  : ----------------XSDB Script----------------
connect -url tcp:127.0.0.1:3121
targets -set -filter {jtag_cable_name =~ "Digilent JTAG-SMT1 210203339927A" && level==0 && jtag_device_ctx=="jsn-JTAG-SMT1-210203339927A-43651093-0"}
fpga -file C:/vivado_projects/project_kintex7_eth_v20201/vitis_workspace/echo_server/_ide/bitstream/download.bit
targets -set -nocase -filter {name =~ "*microblaze*#0" && bscan=="USER2" }
loadhw -hw C:/vivado_projects/project_kintex7_eth_v20201/vitis_workspace/micro_wrapper/export/micro_wrapper/hw/micro_wrapper.xsa -regs
configparams mdm-detect-bscan-mask 2
targets -set -nocase -filter {name =~ "*microblaze*#0" && bscan=="USER2" }
rst -system
after 3000
targets -set -nocase -filter {name =~ "*microblaze*#0" && bscan=="USER2" }
dow C:/vivado_projects/project_kintex7_eth_v20201/vitis_workspace/echo_server/Debug/echo_server.elf
----------------End of Script----------------

14:52:01 INFO  : Context for processor 'microblaze_0' is selected.
14:52:01 INFO  : 'con' command is executed.
14:52:01 INFO  : ----------------XSDB Script (After Launch)----------------
targets -set -nocase -filter {name =~ "*microblaze*#0" && bscan=="USER2" }
con
----------------End of Script----------------

14:52:01 INFO  : Launch script is exported to file 'C:\vivado_projects\project_kintex7_eth_v20201\vitis_workspace\.sdk\launch_scripts\single_application_debug\systemdebugger_echo_server_system_standalone.tcl'
14:56:41 INFO  : (SwPlaform) Successfully done setParamInSpec 
14:56:41 INFO  : (SwPlatform) Successfully done update_mss 
14:56:41 INFO  : Successfully done sdx_reload_mss "C:/vivado_projects/project_kintex7_eth_v20201/vitis_workspace/micro_wrapper/microblaze_0/domain_microblaze_0/bsp/system.mss"
14:57:38 INFO  : Result from executing command 'getProjects': micro_wrapper
14:57:38 INFO  : Result from executing command 'getPlatforms': micro_wrapper|C:/vivado_projects/project_kintex7_eth_v20201/vitis_workspace/micro_wrapper/export/micro_wrapper/micro_wrapper.xpfm
14:59:42 INFO  : Checking for BSP changes to sync application flags for project 'echo_server'...
14:59:42 INFO  : Updating application flags with new BSP settings...
14:59:42 INFO  : Successfully updated application flags for project echo_server.
15:00:22 INFO  : Bit file 'C:/vivado_projects/project_kintex7_eth_v20201/vitis_workspace/echo_server/_ide/bitstream/download.bit' is generated.
15:00:22 INFO  : Connected to target on host '127.0.0.1' and port '3121'.
15:00:22 INFO  : 'targets -set -filter {jtag_cable_name =~ "Digilent JTAG-SMT1 210203339927A" && level==0 && jtag_device_ctx=="jsn-JTAG-SMT1-210203339927A-43651093-0"}' command is executed.
15:00:29 INFO  : FPGA configured successfully with bitstream "C:/vivado_projects/project_kintex7_eth_v20201/vitis_workspace/echo_server/_ide/bitstream/download.bit"
15:01:59 INFO  : Disconnected from the channel tcfchan#2.
15:01:59 INFO  : Connected to target on host '127.0.0.1' and port '3121'.
15:01:59 INFO  : Jtag cable 'Digilent JTAG-SMT1 210203339927A' is selected.
15:01:59 INFO  : 'jtag frequency' command is executed.
15:02:00 INFO  : 'targets -set -filter {jtag_cable_name =~ "Digilent JTAG-SMT1 210203339927A" && level==0 && jtag_device_ctx=="jsn-JTAG-SMT1-210203339927A-43651093-0"}' command is executed.
15:02:06 INFO  : FPGA configured successfully with bitstream "C:/vivado_projects/project_kintex7_eth_v20201/vitis_workspace/echo_server/_ide/bitstream/download.bit"
15:02:06 INFO  : Context for processor 'microblaze_0' is selected.
15:02:06 INFO  : Hardware design and registers information is loaded from 'C:/vivado_projects/project_kintex7_eth_v20201/vitis_workspace/micro_wrapper/export/micro_wrapper/hw/micro_wrapper.xsa'.
15:02:06 INFO  : 'configparams mdm-detect-bscan-mask 2' command is executed.
15:02:06 INFO  : Context for processor 'microblaze_0' is selected.
15:02:06 INFO  : System reset is completed.
15:02:09 INFO  : 'after 3000' command is executed.
15:02:09 INFO  : Context for processor 'microblaze_0' is selected.
15:02:10 INFO  : The application 'C:/vivado_projects/project_kintex7_eth_v20201/vitis_workspace/echo_server/Debug/echo_server.elf' is downloaded to processor 'microblaze_0'.
15:02:10 INFO  : ----------------XSDB Script----------------
connect -url tcp:127.0.0.1:3121
targets -set -filter {jtag_cable_name =~ "Digilent JTAG-SMT1 210203339927A" && level==0 && jtag_device_ctx=="jsn-JTAG-SMT1-210203339927A-43651093-0"}
fpga -file C:/vivado_projects/project_kintex7_eth_v20201/vitis_workspace/echo_server/_ide/bitstream/download.bit
targets -set -nocase -filter {name =~ "*microblaze*#0" && bscan=="USER2" }
loadhw -hw C:/vivado_projects/project_kintex7_eth_v20201/vitis_workspace/micro_wrapper/export/micro_wrapper/hw/micro_wrapper.xsa -regs
configparams mdm-detect-bscan-mask 2
targets -set -nocase -filter {name =~ "*microblaze*#0" && bscan=="USER2" }
rst -system
after 3000
targets -set -nocase -filter {name =~ "*microblaze*#0" && bscan=="USER2" }
dow C:/vivado_projects/project_kintex7_eth_v20201/vitis_workspace/echo_server/Debug/echo_server.elf
----------------End of Script----------------

15:02:10 INFO  : Context for processor 'microblaze_0' is selected.
15:02:10 INFO  : 'con' command is executed.
15:02:10 INFO  : ----------------XSDB Script (After Launch)----------------
targets -set -nocase -filter {name =~ "*microblaze*#0" && bscan=="USER2" }
con
----------------End of Script----------------

15:02:10 INFO  : Launch script is exported to file 'C:\vivado_projects\project_kintex7_eth_v20201\vitis_workspace\.sdk\launch_scripts\single_application_debug\systemdebugger_echo_server_system_standalone.tcl'
15:02:54 INFO  : Disconnected from the channel tcfchan#4.
21:17:11 INFO  : Launching XSCT server: xsct.bat -n  -interactive C:\repos_funda\TPF-Fulgor-2020\Ethernet\project_kintex7_eth_v20201\vitis_workspace\temp_xsdb_launch_script.tcl
21:17:19 INFO  : XSCT server has started successfully.
21:17:19 INFO  : plnx-install-location is set to ''
21:17:19 INFO  : Successfully done setting XSCT server connection channel  
21:17:19 INFO  : Successfully done setting workspace for the tool. 
21:17:30 INFO  : Platform repository initialization has completed.
21:17:31 INFO  : Registering command handlers for Vitis TCF services
21:17:33 INFO  : Successfully done query RDI_DATADIR 
